<?xml version="1.0" encoding="UTF-8"?>
<testng-results ignored="0" total="1" passed="1" failed="0" skipped="0">
  <reporter-output>
  </reporter-output>
  <suite started-at="2023-06-03T11:39:07 IST" name="Default suite" finished-at="2023-06-03T11:39:09 IST" duration-ms="2223">
    <groups>
    </groups>
    <test started-at="2023-06-03T11:39:07 IST" name="Default test" finished-at="2023-06-03T11:39:09 IST" duration-ms="2223">
      <class name="delete">
        <test-method signature="delete_request()[pri:0, instance:delete@28f2a10f]" started-at="2023-06-03T11:39:07 IST" name="delete_request" finished-at="2023-06-03T11:39:09 IST" duration-ms="2194" status="PASS">
          <reporter-output>
          </reporter-output>
        </test-method> <!-- delete_request -->
      </class> <!-- delete -->
    </test> <!-- Default test -->
  </suite> <!-- Default suite -->
</testng-results>
